<?xml version="1.0" encoding="UTF-8"?>
<testng-results skipped="0" failed="0" ignored="0" total="1" passed="1">
  <reporter-output>
  </reporter-output>
  <suite name="Default suite" duration-ms="9008" started-at="2019-01-25T09:26:51Z" finished-at="2019-01-25T09:27:00Z">
    <groups>
    </groups>
    <test name="Default test" duration-ms="9008" started-at="2019-01-25T09:26:51Z" finished-at="2019-01-25T09:27:00Z">
      <class name="com.mercurytours.testcases.ValidateLogin">
        <test-method status="PASS" signature="checkValidLogin()[pri:0, instance:com.mercurytours.testcases.ValidateLogin@76f2b07d]" name="checkValidLogin" duration-ms="8976" started-at="2019-01-25T09:26:51Z" finished-at="2019-01-25T09:27:00Z">
          <reporter-output>
          </reporter-output>
        </test-method> <!-- checkValidLogin -->
      </class> <!-- com.mercurytours.testcases.ValidateLogin -->
    </test> <!-- Default test -->
  </suite> <!-- Default suite -->
</testng-results>
